2016-03-13 10:53:40.511[com.langnatech.ipcheck.pool.IpPoolService:INFO 39] init datasource,  NumActive:10,NumIdle:5
2016-03-13 10:54:19.484[com.langnatech.ipcheck.pool.IpPoolService:INFO 39] init datasource,  NumActive:10,NumIdle:5
2016-03-13 10:56:23.551[com.langnatech.ipcheck.pool.IpPoolService:INFO 39] init datasource,  NumActive:10,NumIdle:5
2016-03-13 10:58:17.806[com.langnatech.ipcheck.pool.IpPoolService:INFO 39] init datasource,  NumActive:10,NumIdle:5
2016-03-13 10:59:42.960[com.langnatech.ipcheck.pool.IpPoolService:INFO 39] init datasource,  NumActive:10,NumIdle:5
2016-03-13 11:00:40.514[com.langnatech.ipcheck.pool.IpPoolService:INFO 39] init datasource,  NumActive:10,NumIdle:5
2016-03-13 11:04:29.021[com.langnatech.ipcheck.pool.IpPoolService:INFO 39] init datasource,  NumActive:10,NumIdle:5
2016-03-13 11:46:25.664[com.langnatech.ipcheck.holder.DataSourceHolder:INFO 36] init datasource,  NumActive:10,NumIdle:5
2016-03-13 11:48:36.246[com.langnatech.ipcheck.holder.DataSourceHolder:INFO 36] init datasource,  NumActive:10,NumIdle:5
2016-03-13 11:49:54.276[com.langnatech.ipcheck.holder.DataSourceHolder:INFO 36] init datasource,  NumActive:10,NumIdle:5
2016-03-13 15:12:52.508[com.langnatech.ipcheck.pool.IpPoolService:INFO 31] Generate the full amount of address temporary table
2016-03-13 15:12:52.510[com.langnatech.ipcheck.pool.IpPoolService:INFO 32] Initialization temporary table
2016-03-13 15:12:52.583[com.langnatech.ipcheck.holder.DataSourceHolder:INFO 36] init datasource,  NumActive:10,NumIdle:5
2016-03-13 15:12:53.276[com.langnatech.ipcheck.pool.IpPoolService:INFO 36] Insert address data into temporary table
2016-03-13 15:16:22.004[com.langnatech.ipcheck.pool.IpPoolService:INFO 31] Generate the full amount of address temporary table
2016-03-13 15:16:22.007[com.langnatech.ipcheck.pool.IpPoolService:INFO 32] Initialization temporary table
2016-03-13 15:16:22.071[com.langnatech.ipcheck.holder.DataSourceHolder:INFO 36] init datasource,  NumActive:10,NumIdle:5
2016-03-13 15:16:22.766[com.langnatech.ipcheck.pool.IpPoolService:INFO 36] Insert address data into temporary table
2016-03-13 15:17:53.447[com.langnatech.ipcheck.pool.IpPoolService:INFO 31] Generate the full amount of address temporary table
2016-03-13 15:17:53.449[com.langnatech.ipcheck.pool.IpPoolService:INFO 32] Initialization temporary table
2016-03-13 15:17:53.520[com.langnatech.ipcheck.holder.DataSourceHolder:INFO 36] init datasource,  NumActive:10,NumIdle:5
2016-03-13 15:17:54.211[com.langnatech.ipcheck.pool.IpPoolService:INFO 36] Insert address data into temporary table
2016-03-13 15:18:34.518[com.langnatech.ipcheck.pool.IpPoolService:INFO 32] Generate the full amount of address temporary table
2016-03-13 15:18:34.520[com.langnatech.ipcheck.pool.IpPoolService:INFO 33] Initialization temporary table
2016-03-13 15:18:34.590[com.langnatech.ipcheck.holder.DataSourceHolder:INFO 36] init datasource,  NumActive:10,NumIdle:5
2016-03-13 15:18:35.317[com.langnatech.ipcheck.pool.IpPoolService:INFO 37] Insert address data into temporary table
2016-03-13 15:19:35.835[com.langnatech.ipcheck.pool.IpPoolService:INFO 32] Generate the full amount of address temporary table
2016-03-13 15:19:35.837[com.langnatech.ipcheck.pool.IpPoolService:INFO 33] Initialization temporary table
2016-03-13 15:19:35.907[com.langnatech.ipcheck.holder.DataSourceHolder:INFO 36] init datasource,  NumActive:10,NumIdle:5
2016-03-13 15:19:36.599[com.langnatech.ipcheck.pool.IpPoolService:INFO 37] Insert address data into temporary table
2016-03-13 16:41:28.869[com.langnatech.ipcheck.pool.IpPoolService:INFO 32] Generate the full amount of address temporary table
2016-03-13 16:41:28.871[com.langnatech.ipcheck.pool.IpPoolService:INFO 33] Initialization temporary table
2016-03-13 16:41:28.946[com.langnatech.ipcheck.holder.DataSourceHolder:INFO 36] init datasource,  NumActive:10,NumIdle:5
2016-03-13 16:41:29.732[com.langnatech.ipcheck.pool.IpPoolService:INFO 37] Insert address data into temporary table
2016-03-13 16:44:12.271[com.langnatech.ipcheck.pool.IpPoolService:INFO 32] Generate the full amount of address temporary table
2016-03-13 16:44:12.273[com.langnatech.ipcheck.pool.IpPoolService:INFO 33] Initialization temporary table
2016-03-13 16:44:12.344[com.langnatech.ipcheck.holder.DataSourceHolder:INFO 36] init datasource,  NumActive:10,NumIdle:5
2016-03-13 16:44:13.044[com.langnatech.ipcheck.pool.IpPoolService:INFO 37] Insert address data into temporary table
2016-03-13 16:46:33.067[com.langnatech.ipcheck.pool.IpPoolService:INFO 51] Insert success! Number of addresses:3825
2016-03-13 16:47:08.797[com.langnatech.ipcheck.pool.IpPoolService:INFO 32] Generate the full amount of address temporary table
2016-03-13 16:47:08.799[com.langnatech.ipcheck.pool.IpPoolService:INFO 33] Initialization temporary table
2016-03-13 16:47:08.865[com.langnatech.ipcheck.holder.DataSourceHolder:INFO 36] init datasource,  NumActive:10,NumIdle:5
2016-03-13 16:47:09.654[com.langnatech.ipcheck.pool.IpPoolService:INFO 37] Insert address data into temporary table
2016-03-13 16:48:39.583[com.langnatech.ipcheck.pool.IpPoolService:INFO 32] Generate the full amount of address temporary table
2016-03-13 16:48:39.585[com.langnatech.ipcheck.pool.IpPoolService:INFO 33] Initialization temporary table
2016-03-13 16:48:39.668[com.langnatech.ipcheck.holder.DataSourceHolder:INFO 36] init datasource,  NumActive:10,NumIdle:5
2016-03-13 16:48:40.388[com.langnatech.ipcheck.pool.IpPoolService:INFO 37] Insert address data into temporary table
2016-03-13 16:51:24.444[com.langnatech.ipcheck.pool.IpPoolService:INFO 32] Generate the full amount of address temporary table
2016-03-13 16:51:24.446[com.langnatech.ipcheck.pool.IpPoolService:INFO 33] Initialization temporary table
2016-03-13 16:51:24.512[com.langnatech.ipcheck.holder.DataSourceHolder:INFO 36] init datasource,  NumActive:10,NumIdle:5
2016-03-13 16:51:25.233[com.langnatech.ipcheck.pool.IpPoolService:INFO 37] Insert address data into temporary table
2016-03-13 16:52:15.830[com.langnatech.ipcheck.pool.IpPoolService:INFO 32] Generate the full amount of address temporary table
2016-03-13 16:52:15.832[com.langnatech.ipcheck.pool.IpPoolService:INFO 33] Initialization temporary table
2016-03-13 16:52:15.903[com.langnatech.ipcheck.holder.DataSourceHolder:INFO 36] init datasource,  NumActive:10,NumIdle:5
2016-03-13 16:52:16.653[com.langnatech.ipcheck.pool.IpPoolService:INFO 37] Insert address data into temporary table
2016-03-13 16:52:41.328[com.langnatech.ipcheck.pool.IpPoolService:INFO 32] Generate the full amount of address temporary table
2016-03-13 16:52:41.331[com.langnatech.ipcheck.pool.IpPoolService:INFO 33] Initialization temporary table
2016-03-13 16:52:41.382[org.apache.commons.configuration.PropertiesConfiguration:DEBUG 588] FileName set to ipcheck.properties
2016-03-13 16:52:41.386[org.apache.commons.configuration.ConfigurationUtils:DEBUG 449] ConfigurationUtils.locate(): base is null, name is ipcheck.properties
2016-03-13 16:52:41.387[org.apache.commons.configuration.DefaultFileSystem:DEBUG 281] Could not locate file ipcheck.properties at null: no protocol: ipcheck.properties
2016-03-13 16:52:41.393[org.apache.commons.configuration.ConfigurationUtils:DEBUG 550] Loading configuration from the context classpath (ipcheck.properties)
2016-03-13 16:52:41.394[org.apache.commons.configuration.PropertiesConfiguration:DEBUG 626] Base path set to file:///home/liyi/workspace/WS-IPMS/maven.1457687006646/ipcheck/target/classes/ipcheck.properties
2016-03-13 16:52:41.421[com.langnatech.ipcheck.holder.DataSourceHolder:INFO 36] init datasource,  NumActive:10,NumIdle:5
2016-03-13 16:52:42.102[com.langnatech.ipcheck.pool.IpPoolService:DEBUG 89] 15
2016-03-13 16:52:42.105[com.langnatech.ipcheck.pool.IpPoolService:INFO 37] Insert address data into temporary table
2016-03-13 16:53:41.556[com.langnatech.ipcheck.pool.IpPoolService:INFO 32] Generate the full amount of address temporary table
2016-03-13 16:53:41.560[com.langnatech.ipcheck.pool.IpPoolService:INFO 33] Initialization temporary table
2016-03-13 16:53:41.601[org.apache.commons.configuration.PropertiesConfiguration:DEBUG 588] FileName set to ipcheck.properties
2016-03-13 16:53:41.604[org.apache.commons.configuration.ConfigurationUtils:DEBUG 449] ConfigurationUtils.locate(): base is null, name is ipcheck.properties
2016-03-13 16:53:41.605[org.apache.commons.configuration.DefaultFileSystem:DEBUG 281] Could not locate file ipcheck.properties at null: no protocol: ipcheck.properties
2016-03-13 16:53:41.610[org.apache.commons.configuration.ConfigurationUtils:DEBUG 550] Loading configuration from the context classpath (ipcheck.properties)
2016-03-13 16:53:41.611[org.apache.commons.configuration.PropertiesConfiguration:DEBUG 626] Base path set to file:///home/liyi/workspace/WS-IPMS/maven.1457687006646/ipcheck/target/classes/ipcheck.properties
2016-03-13 16:53:41.636[com.langnatech.ipcheck.holder.DataSourceHolder:INFO 36] init datasource,  NumActive:10,NumIdle:5
2016-03-13 16:53:42.306[com.langnatech.ipcheck.pool.IpPoolService:DEBUG 89] 15
2016-03-13 16:53:42.308[com.langnatech.ipcheck.pool.IpPoolService:INFO 37] Insert address data into temporary table
2016-03-13 16:55:26.261[com.langnatech.ipcheck.pool.IpPoolService:INFO 33] Generate the full amount of address temporary table
2016-03-13 16:55:26.263[com.langnatech.ipcheck.pool.IpPoolService:INFO 34] Initialization temporary table
2016-03-13 16:55:26.302[org.apache.commons.configuration.PropertiesConfiguration:DEBUG 588] FileName set to ipcheck.properties
2016-03-13 16:55:26.304[org.apache.commons.configuration.ConfigurationUtils:DEBUG 449] ConfigurationUtils.locate(): base is null, name is ipcheck.properties
2016-03-13 16:55:26.305[org.apache.commons.configuration.DefaultFileSystem:DEBUG 281] Could not locate file ipcheck.properties at null: no protocol: ipcheck.properties
2016-03-13 16:55:26.309[org.apache.commons.configuration.ConfigurationUtils:DEBUG 550] Loading configuration from the context classpath (ipcheck.properties)
2016-03-13 16:55:26.309[org.apache.commons.configuration.PropertiesConfiguration:DEBUG 626] Base path set to file:///home/liyi/workspace/WS-IPMS/maven.1457687006646/ipcheck/target/classes/ipcheck.properties
2016-03-13 16:55:26.329[com.langnatech.ipcheck.holder.DataSourceHolder:INFO 36] init datasource,  NumActive:10,NumIdle:5
2016-03-13 16:55:27.105[com.langnatech.ipcheck.pool.IpPoolService:DEBUG 93] 15
2016-03-13 16:55:27.110[com.langnatech.ipcheck.pool.IpPoolService:INFO 38] Insert address data into temporary table
2016-03-13 16:57:49.571[com.langnatech.ipcheck.pool.IpPoolService:INFO 52] Insert success! Number of addresses:3825
2016-03-13 17:02:03.686[com.langnatech.ipcheck.pool.IpPoolService:INFO 33] Generate the full amount of address temporary table
2016-03-13 17:02:03.688[com.langnatech.ipcheck.pool.IpPoolService:INFO 34] Initialization temporary table
2016-03-13 17:02:03.744[org.apache.commons.configuration.PropertiesConfiguration:DEBUG 588] FileName set to ipcheck.properties
2016-03-13 17:02:03.749[org.apache.commons.configuration.ConfigurationUtils:DEBUG 449] ConfigurationUtils.locate(): base is null, name is ipcheck.properties
2016-03-13 17:02:03.756[org.apache.commons.configuration.DefaultFileSystem:DEBUG 281] Could not locate file ipcheck.properties at null: no protocol: ipcheck.properties
2016-03-13 17:02:03.765[org.apache.commons.configuration.ConfigurationUtils:DEBUG 550] Loading configuration from the context classpath (ipcheck.properties)
2016-03-13 17:02:03.767[org.apache.commons.configuration.PropertiesConfiguration:DEBUG 626] Base path set to file:///home/liyi/workspace/WS-IPMS/maven.1457687006646/ipcheck/target/classes/ipcheck.properties
2016-03-13 17:02:03.805[com.langnatech.ipcheck.holder.DataSourceHolder:INFO 36] init datasource,  NumActive:10,NumIdle:5
2016-03-13 17:02:04.601[com.langnatech.ipcheck.pool.IpPoolService:DEBUG 93] 15
2016-03-13 17:02:04.605[com.langnatech.ipcheck.pool.IpPoolService:INFO 38] Insert address data into temporary table
2016-03-13 17:02:05.481[com.langnatech.ipcheck.pool.IpPoolService:INFO 52] Insert success! Number of addresses:3825
2016-03-13 17:02:22.248[com.langnatech.ipcheck.pool.IpPoolService:INFO 33] Generate the full amount of address temporary table
2016-03-13 17:02:22.250[com.langnatech.ipcheck.pool.IpPoolService:INFO 34] Initialization temporary table
2016-03-13 17:02:22.289[org.apache.commons.configuration.PropertiesConfiguration:DEBUG 588] FileName set to ipcheck.properties
2016-03-13 17:02:22.291[org.apache.commons.configuration.ConfigurationUtils:DEBUG 449] ConfigurationUtils.locate(): base is null, name is ipcheck.properties
2016-03-13 17:02:22.292[org.apache.commons.configuration.DefaultFileSystem:DEBUG 281] Could not locate file ipcheck.properties at null: no protocol: ipcheck.properties
2016-03-13 17:02:22.297[org.apache.commons.configuration.ConfigurationUtils:DEBUG 550] Loading configuration from the context classpath (ipcheck.properties)
2016-03-13 17:02:22.298[org.apache.commons.configuration.PropertiesConfiguration:DEBUG 626] Base path set to file:///home/liyi/workspace/WS-IPMS/maven.1457687006646/ipcheck/target/classes/ipcheck.properties
2016-03-13 17:02:22.322[com.langnatech.ipcheck.holder.DataSourceHolder:INFO 36] init datasource,  NumActive:10,NumIdle:5
2016-03-13 17:02:23.009[com.langnatech.ipcheck.pool.IpPoolService:DEBUG 93] 15
2016-03-13 17:02:23.012[com.langnatech.ipcheck.pool.IpPoolService:INFO 38] Insert address data into temporary table
2016-03-13 17:02:23.927[com.langnatech.ipcheck.pool.IpPoolService:INFO 52] Insert success! Number of addresses:3825
2016-03-13 17:03:39.965[com.langnatech.ipcheck.pool.IpPoolService:INFO 33] Generate the full amount of address temporary table
2016-03-13 17:03:39.968[com.langnatech.ipcheck.pool.IpPoolService:INFO 34] Initialization temporary table
2016-03-13 17:03:40.012[org.apache.commons.configuration.PropertiesConfiguration:DEBUG 588] FileName set to ipcheck.properties
2016-03-13 17:03:40.014[org.apache.commons.configuration.ConfigurationUtils:DEBUG 449] ConfigurationUtils.locate(): base is null, name is ipcheck.properties
2016-03-13 17:03:40.014[org.apache.commons.configuration.DefaultFileSystem:DEBUG 281] Could not locate file ipcheck.properties at null: no protocol: ipcheck.properties
2016-03-13 17:03:40.020[org.apache.commons.configuration.ConfigurationUtils:DEBUG 550] Loading configuration from the context classpath (ipcheck.properties)
2016-03-13 17:03:40.021[org.apache.commons.configuration.PropertiesConfiguration:DEBUG 626] Base path set to file:///home/liyi/workspace/WS-IPMS/maven.1457687006646/ipcheck/target/classes/ipcheck.properties
2016-03-13 17:03:40.046[com.langnatech.ipcheck.holder.DataSourceHolder:INFO 36] init datasource,  NumActive:10,NumIdle:5
2016-03-13 17:03:40.808[com.langnatech.ipcheck.pool.IpPoolService:DEBUG 90] 15
2016-03-13 17:03:40.812[com.langnatech.ipcheck.pool.IpPoolService:INFO 38] Insert address data into temporary table
2016-03-13 17:03:41.757[com.langnatech.ipcheck.pool.IpPoolService:INFO 52] Insert success! Number of addresses:3825
2016-03-13 17:06:42.374[com.langnatech.ipcheck.pool.IpPoolService:INFO 32] Generate the full amount of address temporary table
2016-03-13 17:06:42.376[com.langnatech.ipcheck.pool.IpPoolService:INFO 33] Initialization temporary table
2016-03-13 17:06:42.417[org.apache.commons.configuration.PropertiesConfiguration:DEBUG 588] FileName set to ipcheck.properties
2016-03-13 17:06:42.420[org.apache.commons.configuration.ConfigurationUtils:DEBUG 449] ConfigurationUtils.locate(): base is null, name is ipcheck.properties
2016-03-13 17:06:42.421[org.apache.commons.configuration.DefaultFileSystem:DEBUG 281] Could not locate file ipcheck.properties at null: no protocol: ipcheck.properties
2016-03-13 17:06:42.427[org.apache.commons.configuration.ConfigurationUtils:DEBUG 550] Loading configuration from the context classpath (ipcheck.properties)
2016-03-13 17:06:42.428[org.apache.commons.configuration.PropertiesConfiguration:DEBUG 626] Base path set to file:///home/liyi/workspace/WS-IPMS/maven.1457687006646/ipcheck/target/classes/ipcheck.properties
2016-03-13 17:06:42.458[com.langnatech.ipcheck.holder.DataSourceHolder:INFO 36] init datasource,  NumActive:10,NumIdle:5
2016-03-13 17:06:43.101[com.langnatech.ipcheck.pool.IpPoolService:DEBUG 88] 15
2016-03-13 17:06:43.103[com.langnatech.ipcheck.pool.IpPoolService:INFO 37] Insert address data into temporary table
2016-03-13 17:06:43.999[com.langnatech.ipcheck.pool.IpPoolService:INFO 51] Insert success! Number of addresses:3840
2016-03-13 17:07:46.773[com.langnatech.ipcheck.pool.IpPoolService:INFO 32] Generate the full amount of address temporary table
2016-03-13 17:07:46.776[com.langnatech.ipcheck.pool.IpPoolService:INFO 33] Initialization temporary table
2016-03-13 17:07:46.829[org.apache.commons.configuration.PropertiesConfiguration:DEBUG 588] FileName set to ipcheck.properties
2016-03-13 17:07:46.832[org.apache.commons.configuration.ConfigurationUtils:DEBUG 449] ConfigurationUtils.locate(): base is null, name is ipcheck.properties
2016-03-13 17:07:46.833[org.apache.commons.configuration.DefaultFileSystem:DEBUG 281] Could not locate file ipcheck.properties at null: no protocol: ipcheck.properties
2016-03-13 17:07:46.838[org.apache.commons.configuration.ConfigurationUtils:DEBUG 550] Loading configuration from the context classpath (ipcheck.properties)
2016-03-13 17:07:46.839[org.apache.commons.configuration.PropertiesConfiguration:DEBUG 626] Base path set to file:///home/liyi/workspace/WS-IPMS/maven.1457687006646/ipcheck/target/classes/ipcheck.properties
2016-03-13 17:07:46.862[com.langnatech.ipcheck.holder.DataSourceHolder:INFO 36] init datasource,  NumActive:10,NumIdle:5
2016-03-13 17:07:47.557[com.langnatech.ipcheck.pool.IpPoolService:DEBUG 88] 15
2016-03-13 17:07:47.561[com.langnatech.ipcheck.pool.IpPoolService:INFO 37] Insert address data into temporary table
2016-03-13 17:07:54.958[com.langnatech.ipcheck.pool.IpPoolService:INFO 51] Insert success! Number of addresses:3840
2016-03-13 17:08:28.761[com.langnatech.ipcheck.pool.IpPoolService:INFO 32] Generate the full amount of address temporary table
2016-03-13 17:08:28.764[com.langnatech.ipcheck.pool.IpPoolService:INFO 33] Initialization temporary table
2016-03-13 17:08:28.819[org.apache.commons.configuration.PropertiesConfiguration:DEBUG 588] FileName set to ipcheck.properties
2016-03-13 17:08:28.821[org.apache.commons.configuration.ConfigurationUtils:DEBUG 449] ConfigurationUtils.locate(): base is null, name is ipcheck.properties
2016-03-13 17:08:28.822[org.apache.commons.configuration.DefaultFileSystem:DEBUG 281] Could not locate file ipcheck.properties at null: no protocol: ipcheck.properties
2016-03-13 17:08:28.828[org.apache.commons.configuration.ConfigurationUtils:DEBUG 550] Loading configuration from the context classpath (ipcheck.properties)
2016-03-13 17:08:28.829[org.apache.commons.configuration.PropertiesConfiguration:DEBUG 626] Base path set to file:///home/liyi/workspace/WS-IPMS/maven.1457687006646/ipcheck/target/classes/ipcheck.properties
2016-03-13 17:08:28.857[com.langnatech.ipcheck.holder.DataSourceHolder:INFO 36] init datasource,  NumActive:10,NumIdle:5
2016-03-13 17:08:29.600[com.langnatech.ipcheck.pool.IpPoolService:DEBUG 88] get subnet count:15
2016-03-13 17:08:29.603[com.langnatech.ipcheck.pool.IpPoolService:INFO 37] Insert address data into temporary table
2016-03-13 17:08:30.445[com.langnatech.ipcheck.pool.IpPoolService:INFO 51] Insert success! Number of addresses:3840
2016-03-13 17:08:48.565[com.langnatech.ipcheck.pool.IpPoolService:INFO 32] Generate the full amount of address temporary table
2016-03-13 17:08:48.569[com.langnatech.ipcheck.pool.IpPoolService:INFO 33] Initialization temporary table
2016-03-13 17:08:48.616[org.apache.commons.configuration.PropertiesConfiguration:DEBUG 588] FileName set to ipcheck.properties
2016-03-13 17:08:48.619[org.apache.commons.configuration.ConfigurationUtils:DEBUG 449] ConfigurationUtils.locate(): base is null, name is ipcheck.properties
2016-03-13 17:08:48.620[org.apache.commons.configuration.DefaultFileSystem:DEBUG 281] Could not locate file ipcheck.properties at null: no protocol: ipcheck.properties
2016-03-13 17:08:48.625[org.apache.commons.configuration.ConfigurationUtils:DEBUG 550] Loading configuration from the context classpath (ipcheck.properties)
2016-03-13 17:08:48.626[org.apache.commons.configuration.PropertiesConfiguration:DEBUG 626] Base path set to file:///home/liyi/workspace/WS-IPMS/maven.1457687006646/ipcheck/target/classes/ipcheck.properties
2016-03-13 17:08:48.656[com.langnatech.ipcheck.holder.DataSourceHolder:INFO 36] init datasource,  NumActive:10,NumIdle:5
2016-03-13 17:08:49.408[com.langnatech.ipcheck.pool.IpPoolService:DEBUG 88] get subnet count:15
2016-03-13 17:08:49.411[com.langnatech.ipcheck.pool.IpPoolService:INFO 37] Insert address data into temporary table
2016-03-13 17:08:50.374[com.langnatech.ipcheck.pool.IpPoolService:INFO 51] Insert success! Number of addresses:3840
2016-03-13 17:11:58.197[com.langnatech.ipcheck.pool.IpPoolService:INFO 32] Generate the full amount of address temporary table
2016-03-13 17:11:58.199[com.langnatech.ipcheck.pool.IpPoolService:INFO 33] Initialization temporary table
2016-03-13 17:11:58.242[org.apache.commons.configuration.PropertiesConfiguration:DEBUG 588] FileName set to ipcheck.properties
2016-03-13 17:11:58.244[org.apache.commons.configuration.ConfigurationUtils:DEBUG 449] ConfigurationUtils.locate(): base is null, name is ipcheck.properties
2016-03-13 17:11:58.245[org.apache.commons.configuration.DefaultFileSystem:DEBUG 281] Could not locate file ipcheck.properties at null: no protocol: ipcheck.properties
2016-03-13 17:11:58.249[org.apache.commons.configuration.ConfigurationUtils:DEBUG 550] Loading configuration from the context classpath (ipcheck.properties)
2016-03-13 17:11:58.249[org.apache.commons.configuration.PropertiesConfiguration:DEBUG 626] Base path set to file:///home/liyi/workspace/WS-IPMS/maven.1457687006646/ipcheck/target/classes/ipcheck.properties
2016-03-13 17:11:58.271[com.langnatech.ipcheck.holder.DataSourceHolder:INFO 36] init datasource,  NumActive:10,NumIdle:5
2016-03-13 17:11:58.953[com.langnatech.ipcheck.pool.IpPoolService:DEBUG 89] get subnet count:15
2016-03-13 17:11:58.957[com.langnatech.ipcheck.pool.IpPoolService:INFO 37] Insert address data into temporary table
2016-03-13 17:11:59.834[com.langnatech.ipcheck.pool.IpPoolService:INFO 52] Insert success! Number of addresses:3840
2016-03-13 17:12:28.712[com.langnatech.ipcheck.pool.IpPoolService:INFO 32] Generate the full amount of address temporary table
2016-03-13 17:12:28.715[com.langnatech.ipcheck.pool.IpPoolService:INFO 33] Initialization temporary table
2016-03-13 17:12:28.761[org.apache.commons.configuration.PropertiesConfiguration:DEBUG 588] FileName set to ipcheck.properties
2016-03-13 17:12:28.764[org.apache.commons.configuration.ConfigurationUtils:DEBUG 449] ConfigurationUtils.locate(): base is null, name is ipcheck.properties
2016-03-13 17:12:28.765[org.apache.commons.configuration.DefaultFileSystem:DEBUG 281] Could not locate file ipcheck.properties at null: no protocol: ipcheck.properties
2016-03-13 17:12:28.773[org.apache.commons.configuration.ConfigurationUtils:DEBUG 550] Loading configuration from the context classpath (ipcheck.properties)
2016-03-13 17:12:28.776[org.apache.commons.configuration.PropertiesConfiguration:DEBUG 626] Base path set to file:///home/liyi/workspace/WS-IPMS/maven.1457687006646/ipcheck/target/classes/ipcheck.properties
2016-03-13 17:12:28.802[com.langnatech.ipcheck.holder.DataSourceHolder:INFO 36] init datasource,  NumActive:10,NumIdle:5
2016-03-13 17:12:29.593[com.langnatech.ipcheck.pool.IpPoolService:DEBUG 90] get subnet count:15
2016-03-13 17:12:29.596[com.langnatech.ipcheck.pool.IpPoolService:INFO 38] Insert address data into temporary table
2016-03-13 17:12:30.432[com.langnatech.ipcheck.pool.IpPoolService:INFO 53] Insert success! Number of addresses:3840
2016-03-13 17:18:09.924[com.langnatech.ipcheck.pool.IpPoolService:INFO 32] Generate the full amount of address temporary table
2016-03-13 17:18:09.926[com.langnatech.ipcheck.pool.IpPoolService:INFO 33] Initialization temporary table
2016-03-13 17:18:09.967[org.apache.commons.configuration.PropertiesConfiguration:DEBUG 588] FileName set to ipcheck.properties
2016-03-13 17:18:09.970[org.apache.commons.configuration.ConfigurationUtils:DEBUG 449] ConfigurationUtils.locate(): base is null, name is ipcheck.properties
2016-03-13 17:18:09.971[org.apache.commons.configuration.DefaultFileSystem:DEBUG 281] Could not locate file ipcheck.properties at null: no protocol: ipcheck.properties
2016-03-13 17:18:09.976[org.apache.commons.configuration.ConfigurationUtils:DEBUG 550] Loading configuration from the context classpath (ipcheck.properties)
2016-03-13 17:18:09.977[org.apache.commons.configuration.PropertiesConfiguration:DEBUG 626] Base path set to file:///home/liyi/workspace/WS-IPMS/maven.1457687006646/ipcheck/target/classes/ipcheck.properties
2016-03-13 17:18:10.002[com.langnatech.ipcheck.holder.DataSourceHolder:INFO 36] init datasource,  NumActive:10,NumIdle:5
2016-03-13 17:18:10.691[com.langnatech.ipcheck.pool.IpPoolService:DEBUG 90] get subnet count:15
2016-03-13 17:20:35.203[com.langnatech.ipcheck.pool.IpPoolService:INFO 32] Generate the full amount of address temporary table
2016-03-13 17:20:35.206[com.langnatech.ipcheck.pool.IpPoolService:INFO 33] Initialization temporary table
2016-03-13 17:20:35.255[org.apache.commons.configuration.PropertiesConfiguration:DEBUG 588] FileName set to ipcheck.properties
2016-03-13 17:20:35.258[org.apache.commons.configuration.ConfigurationUtils:DEBUG 449] ConfigurationUtils.locate(): base is null, name is ipcheck.properties
2016-03-13 17:20:35.259[org.apache.commons.configuration.DefaultFileSystem:DEBUG 281] Could not locate file ipcheck.properties at null: no protocol: ipcheck.properties
2016-03-13 17:20:35.265[org.apache.commons.configuration.ConfigurationUtils:DEBUG 550] Loading configuration from the context classpath (ipcheck.properties)
2016-03-13 17:20:35.265[org.apache.commons.configuration.PropertiesConfiguration:DEBUG 626] Base path set to file:///home/liyi/workspace/WS-IPMS/maven.1457687006646/ipcheck/target/classes/ipcheck.properties
2016-03-13 17:20:35.294[com.langnatech.ipcheck.holder.DataSourceHolder:INFO 36] init datasource,  NumActive:10,NumIdle:5
2016-03-13 17:20:36.082[com.langnatech.ipcheck.pool.IpPoolService:DEBUG 90] get subnet count:15
2016-03-13 17:21:12.756[com.langnatech.ipcheck.pool.IpPoolService:INFO 32] Generate the full amount of address temporary table
2016-03-13 17:21:12.759[com.langnatech.ipcheck.pool.IpPoolService:INFO 33] Initialization temporary table
2016-03-13 17:21:12.799[org.apache.commons.configuration.PropertiesConfiguration:DEBUG 588] FileName set to ipcheck.properties
2016-03-13 17:21:12.803[org.apache.commons.configuration.ConfigurationUtils:DEBUG 449] ConfigurationUtils.locate(): base is null, name is ipcheck.properties
2016-03-13 17:21:12.805[org.apache.commons.configuration.DefaultFileSystem:DEBUG 281] Could not locate file ipcheck.properties at null: no protocol: ipcheck.properties
2016-03-13 17:21:12.814[org.apache.commons.configuration.ConfigurationUtils:DEBUG 550] Loading configuration from the context classpath (ipcheck.properties)
2016-03-13 17:21:12.814[org.apache.commons.configuration.PropertiesConfiguration:DEBUG 626] Base path set to file:///home/liyi/workspace/WS-IPMS/maven.1457687006646/ipcheck/target/classes/ipcheck.properties
2016-03-13 17:21:12.836[com.langnatech.ipcheck.holder.DataSourceHolder:INFO 36] init datasource,  NumActive:10,NumIdle:5
2016-03-13 17:21:13.487[com.langnatech.ipcheck.pool.IpPoolService:DEBUG 90] get subnet count:15
2016-03-13 17:21:13.489[com.langnatech.ipcheck.pool.IpPoolService:INFO 38] Insert address data into temporary table
2016-03-13 17:23:09.103[com.langnatech.ipcheck.pool.IpPoolService:INFO 32] Generate the full amount of address temporary table
2016-03-13 17:23:09.105[com.langnatech.ipcheck.pool.IpPoolService:INFO 33] Initialization temporary table
2016-03-13 17:23:09.146[org.apache.commons.configuration.PropertiesConfiguration:DEBUG 588] FileName set to ipcheck.properties
2016-03-13 17:23:09.148[org.apache.commons.configuration.ConfigurationUtils:DEBUG 449] ConfigurationUtils.locate(): base is null, name is ipcheck.properties
2016-03-13 17:23:09.149[org.apache.commons.configuration.DefaultFileSystem:DEBUG 281] Could not locate file ipcheck.properties at null: no protocol: ipcheck.properties
2016-03-13 17:23:09.153[org.apache.commons.configuration.ConfigurationUtils:DEBUG 550] Loading configuration from the context classpath (ipcheck.properties)
2016-03-13 17:23:09.154[org.apache.commons.configuration.PropertiesConfiguration:DEBUG 626] Base path set to file:///home/liyi/workspace/WS-IPMS/maven.1457687006646/ipcheck/target/classes/ipcheck.properties
2016-03-13 17:23:09.179[com.langnatech.ipcheck.holder.DataSourceHolder:INFO 36] init datasource,  NumActive:10,NumIdle:5
2016-03-13 17:23:09.875[com.langnatech.ipcheck.pool.IpPoolService:DEBUG 90] get subnet count:15
2016-03-13 17:23:09.877[com.langnatech.ipcheck.pool.IpPoolService:INFO 38] Insert address data into temporary table
2016-03-13 17:24:31.838[com.langnatech.ipcheck.pool.IpPoolService:INFO 32] Generate the full amount of address temporary table
2016-03-13 17:24:31.841[com.langnatech.ipcheck.pool.IpPoolService:INFO 33] Initialization temporary table
2016-03-13 17:24:31.885[org.apache.commons.configuration.PropertiesConfiguration:DEBUG 588] FileName set to ipcheck.properties
2016-03-13 17:24:31.888[org.apache.commons.configuration.ConfigurationUtils:DEBUG 449] ConfigurationUtils.locate(): base is null, name is ipcheck.properties
2016-03-13 17:24:31.889[org.apache.commons.configuration.DefaultFileSystem:DEBUG 281] Could not locate file ipcheck.properties at null: no protocol: ipcheck.properties
2016-03-13 17:24:31.894[org.apache.commons.configuration.ConfigurationUtils:DEBUG 550] Loading configuration from the context classpath (ipcheck.properties)
2016-03-13 17:24:31.895[org.apache.commons.configuration.PropertiesConfiguration:DEBUG 626] Base path set to file:///home/liyi/workspace/WS-IPMS/maven.1457687006646/ipcheck/target/classes/ipcheck.properties
2016-03-13 17:24:31.918[com.langnatech.ipcheck.holder.DataSourceHolder:INFO 36] init datasource,  NumActive:10,NumIdle:5
2016-03-13 17:24:32.585[com.langnatech.ipcheck.pool.IpPoolService:DEBUG 90] get subnet count:15
2016-03-13 17:24:32.588[com.langnatech.ipcheck.pool.IpPoolService:INFO 38] Insert address data into temporary table
2016-03-13 17:24:54.786[com.langnatech.ipcheck.pool.IpPoolService:INFO 32] Generate the full amount of address temporary table
2016-03-13 17:24:54.789[com.langnatech.ipcheck.pool.IpPoolService:INFO 33] Initialization temporary table
2016-03-13 17:24:54.835[org.apache.commons.configuration.PropertiesConfiguration:DEBUG 588] FileName set to ipcheck.properties
2016-03-13 17:24:54.838[org.apache.commons.configuration.ConfigurationUtils:DEBUG 449] ConfigurationUtils.locate(): base is null, name is ipcheck.properties
2016-03-13 17:24:54.839[org.apache.commons.configuration.DefaultFileSystem:DEBUG 281] Could not locate file ipcheck.properties at null: no protocol: ipcheck.properties
2016-03-13 17:24:54.844[org.apache.commons.configuration.ConfigurationUtils:DEBUG 550] Loading configuration from the context classpath (ipcheck.properties)
2016-03-13 17:24:54.845[org.apache.commons.configuration.PropertiesConfiguration:DEBUG 626] Base path set to file:///home/liyi/workspace/WS-IPMS/maven.1457687006646/ipcheck/target/classes/ipcheck.properties
2016-03-13 17:24:54.870[com.langnatech.ipcheck.holder.DataSourceHolder:INFO 36] init datasource,  NumActive:10,NumIdle:5
2016-03-13 17:24:55.596[com.langnatech.ipcheck.pool.IpPoolService:DEBUG 90] get subnet count:15
2016-03-13 17:24:55.600[com.langnatech.ipcheck.pool.IpPoolService:INFO 38] Insert address data into temporary table
2016-03-13 17:24:57.052[com.langnatech.ipcheck.pool.IpPoolService:INFO 53] Insert success! Number of addresses:3836
2016-03-13 17:25:25.844[com.langnatech.ipcheck.pool.IpPoolService:INFO 32] Generate the full amount of address temporary table
2016-03-13 17:25:25.847[com.langnatech.ipcheck.pool.IpPoolService:INFO 33] Initialization temporary table
2016-03-13 17:25:25.896[org.apache.commons.configuration.PropertiesConfiguration:DEBUG 588] FileName set to ipcheck.properties
2016-03-13 17:25:25.901[org.apache.commons.configuration.ConfigurationUtils:DEBUG 449] ConfigurationUtils.locate(): base is null, name is ipcheck.properties
2016-03-13 17:25:25.902[org.apache.commons.configuration.DefaultFileSystem:DEBUG 281] Could not locate file ipcheck.properties at null: no protocol: ipcheck.properties
2016-03-13 17:25:25.908[org.apache.commons.configuration.ConfigurationUtils:DEBUG 550] Loading configuration from the context classpath (ipcheck.properties)
2016-03-13 17:25:25.914[org.apache.commons.configuration.PropertiesConfiguration:DEBUG 626] Base path set to file:///home/liyi/workspace/WS-IPMS/maven.1457687006646/ipcheck/target/classes/ipcheck.properties
2016-03-13 17:25:25.950[com.langnatech.ipcheck.holder.DataSourceHolder:INFO 36] init datasource,  NumActive:10,NumIdle:5
2016-03-13 17:25:26.712[com.langnatech.ipcheck.pool.IpPoolService:DEBUG 88] get subnet count:15
2016-03-13 17:25:26.715[com.langnatech.ipcheck.pool.IpPoolService:INFO 37] Insert address data into temporary table
2016-03-13 17:25:28.186[com.langnatech.ipcheck.pool.IpPoolService:INFO 51] Insert success! Number of addresses:3836
2016-03-13 17:25:44.937[com.langnatech.ipcheck.pool.IpPoolService:INFO 32] Generate the full amount of address temporary table
2016-03-13 17:25:44.942[com.langnatech.ipcheck.pool.IpPoolService:INFO 33] Initialization temporary table
2016-03-13 17:25:45.036[com.langnatech.ipcheck.holder.DataSourceHolder:INFO 36] init datasource,  NumActive:10,NumIdle:5
2016-03-13 17:25:45.722[com.langnatech.ipcheck.pool.IpPoolService:INFO 37] Insert address data into temporary table
2016-03-13 17:25:47.338[com.langnatech.ipcheck.pool.IpPoolService:INFO 51] Insert success! Number of addresses:3836
2016-03-13 18:23:29.234[com.langnatech.ipcheck.holder.DataSourceHolder:INFO 36] init datasource,  NumActive:10,NumIdle:5
2016-03-13 18:24:31.117[com.langnatech.ipcheck.holder.DataSourceHolder:INFO 36] init datasource,  NumActive:10,NumIdle:5
2016-03-13 21:35:26.617[com.langnatech.ipcheck.pool.IpPoolService:INFO 32] Generate the full amount of address temporary table
2016-03-13 21:35:26.620[com.langnatech.ipcheck.pool.IpPoolService:INFO 33] Initialization temporary table
2016-03-13 21:35:26.811[com.langnatech.ipcheck.holder.DataSourceHolder:INFO 36] init datasource,  NumActive:10,NumIdle:5
2016-03-13 21:35:27.684[com.langnatech.ipcheck.pool.IpPoolService:INFO 37] Insert address data into temporary table
2016-03-13 21:35:29.202[com.langnatech.ipcheck.pool.IpPoolService:INFO 51] Insert success! Number of addresses:3836
2016-03-13 21:36:52.815[com.langnatech.ipcheck.pool.IpPoolService:INFO 32] Generate the full amount of address temporary table
2016-03-13 21:36:52.817[com.langnatech.ipcheck.pool.IpPoolService:INFO 33] Initialization temporary table
2016-03-13 21:36:52.884[com.langnatech.ipcheck.holder.DataSourceHolder:INFO 36] init datasource,  NumActive:10,NumIdle:5
2016-03-13 21:36:53.614[com.langnatech.ipcheck.pool.IpPoolService:INFO 37] Insert address data into temporary table
2016-03-13 21:36:55.123[com.langnatech.ipcheck.pool.IpPoolService:INFO 51] Insert success! Number of addresses:3836
2016-03-13 21:38:42.555[com.langnatech.ipcheck.pool.IpPoolService:INFO 32] Generate the full amount of address temporary table
2016-03-13 21:38:42.558[com.langnatech.ipcheck.pool.IpPoolService:INFO 33] Initialization temporary table
2016-03-13 21:38:42.631[com.langnatech.ipcheck.holder.DataSourceHolder:INFO 36] init datasource,  NumActive:10,NumIdle:5
2016-03-13 21:38:43.288[com.langnatech.ipcheck.pool.IpPoolService:INFO 37] Insert address data into temporary table
2016-03-13 21:38:44.935[com.langnatech.ipcheck.pool.IpPoolService:INFO 51] Insert success! Number of addresses:3836
2016-03-13 21:39:12.095[com.langnatech.ipcheck.pool.IpPoolService:INFO 32] Generate the full amount of address temporary table
2016-03-13 21:39:12.098[com.langnatech.ipcheck.pool.IpPoolService:INFO 33] Initialization temporary table
2016-03-13 21:39:12.169[com.langnatech.ipcheck.holder.DataSourceHolder:INFO 36] init datasource,  NumActive:10,NumIdle:5
2016-03-13 21:39:12.815[com.langnatech.ipcheck.pool.IpPoolService:INFO 37] Insert address data into temporary table
2016-03-13 21:39:14.483[com.langnatech.ipcheck.pool.IpPoolService:INFO 51] Insert success! Number of addresses:3836
2016-03-13 21:41:14.129[com.langnatech.ipcheck.pool.IpPoolService:INFO 32] Generate the full amount of address temporary table
2016-03-13 21:41:14.132[com.langnatech.ipcheck.pool.IpPoolService:INFO 33] Initialization temporary table
2016-03-13 21:41:14.232[com.langnatech.ipcheck.holder.DataSourceHolder:INFO 36] init datasource,  NumActive:10,NumIdle:5
2016-03-13 21:41:14.918[com.langnatech.ipcheck.pool.IpPoolService:INFO 37] Insert address data into temporary table
2016-03-13 21:41:16.363[com.langnatech.ipcheck.pool.IpPoolService:INFO 51] Insert success! Number of addresses:3836
2016-03-13 21:43:12.225[com.langnatech.ipcheck.pool.IpPoolService:INFO 32] Generate the full amount of address temporary table
2016-03-13 21:43:12.228[com.langnatech.ipcheck.pool.IpPoolService:INFO 33] Initialization temporary table
2016-03-13 21:43:12.317[com.langnatech.ipcheck.holder.DataSourceHolder:INFO 36] init datasource,  NumActive:10,NumIdle:5
2016-03-13 21:43:13.029[com.langnatech.ipcheck.pool.IpPoolService:INFO 37] Insert address data into temporary table
2016-03-13 21:43:14.003[com.langnatech.ipcheck.pool.IpPoolService:INFO 51] Insert success! Number of addresses:3836
2016-03-13 21:59:04.952[com.langnatech.ipcheck.holder.DataSourceHolder:INFO 36] init datasource,  NumActive:10,NumIdle:5
2016-03-13 22:46:32.212[com.langnatech.ipcheck.holder.DataSourceHolder:INFO 36] init datasource,  NumActive:10,NumIdle:5
2016-03-13 22:47:02.947[com.langnatech.ipcheck.holder.DataSourceHolder:INFO 36] init datasource,  NumActive:10,NumIdle:5
2016-03-13 23:04:26.588[com.langnatech.ipcheck.holder.DataSourceHolder:INFO 36] init datasource,  NumActive:10,NumIdle:5
2016-03-13 23:07:15.391[com.langnatech.ipcheck.holder.DataSourceHolder:INFO 36] init datasource,  NumActive:10,NumIdle:5
2016-03-13 23:11:59.176[com.langnatech.ipcheck.holder.DataSourceHolder:INFO 36] init datasource,  NumActive:10,NumIdle:5
